<?xml version="1.0" encoding="UTF-8"?>
<!-- Generated by org.testng.reporters.JUnitXMLReporter -->
<testsuite ignored="0" hostname="SadakarP" failures="0" tests="4" name="Default test" time="37.097" errors="0" timestamp="2022-07-02T01:39:41 IST">
  <testcase classname="io.cucumber.testng.AbstractTestNGCucumberTests" name="runScenario" time="0.382"/>
  <testcase classname="io.cucumber.testng.AbstractTestNGCucumberTests" name="runScenario" time="6.121"/>
  <testcase classname="io.cucumber.testng.AbstractTestNGCucumberTests" name="runScenario" time="3.592"/>
  <testcase classname="io.cucumber.testng.AbstractTestNGCucumberTests" name="runScenario" time="12.334"/>
</testsuite> <!-- Default test -->
