<?xml version="1.0" encoding="UTF-8"?>
<testng-results ignored="0" total="4" passed="4" failed="0" skipped="0">
  <reporter-output>
  </reporter-output>
  <suite started-at="2022-07-02T01:39:04 IST" name="Default suite" finished-at="2022-07-02T01:39:41 IST" duration-ms="37097">
    <groups>
      <group name="cucumber">
        <method signature="AbstractTestNGCucumberTests.runScenario(io.cucumber.testng.PickleWrapper,io.cucumber.testng.FeatureWrapper)[pri:0, instance:com.sadakar.testng.runner.CucumberRunner@2892d68]" name="runScenario" class="io.cucumber.testng.AbstractTestNGCucumberTests"/>
      </group> <!-- cucumber -->
    </groups>
    <test started-at="2022-07-02T01:39:04 IST" name="Default test" finished-at="2022-07-02T01:39:41 IST" duration-ms="37097">
      <class name="com.sadakar.testng.runner.CucumberRunner">
        <test-method is-config="true" signature="setUpClass(org.testng.ITestContext)[pri:0, instance:com.sadakar.testng.runner.CucumberRunner@2892d68]" started-at="2022-07-02T01:39:04 IST" name="setUpClass" finished-at="2022-07-02T01:39:17 IST" duration-ms="12740" status="PASS">
          <params>
            <param index="0">
              <value>
                <![CDATA[org.testng.TestRunner@5bcec67e]]>
              </value>
            </param>
          </params>
          <reporter-output>
          </reporter-output>
        </test-method> <!-- setUpClass -->
        <test-method signature="runScenario(io.cucumber.testng.PickleWrapper,io.cucumber.testng.FeatureWrapper)[pri:0, instance:com.sadakar.testng.runner.CucumberRunner@2892d68]" started-at="2022-07-02T01:39:17 IST" name="runScenario" description="Runs Cucumber Scenarios" data-provider="scenarios" finished-at="2022-07-02T01:39:17 IST" duration-ms="382" status="PASS">
          <params>
            <param index="0">
              <value>
                <![CDATA["DashboardTabCountOfQuickLaunhElements"]]>
              </value>
            </param>
            <param index="1">
              <value>
                <![CDATA["Dashboard page"]]>
              </value>
            </param>
          </params>
          <reporter-output>
          </reporter-output>
        </test-method> <!-- runScenario -->
        <test-method signature="runScenario(io.cucumber.testng.PickleWrapper,io.cucumber.testng.FeatureWrapper)[pri:0, instance:com.sadakar.testng.runner.CucumberRunner@2892d68]" started-at="2022-07-02T01:39:17 IST" name="runScenario" description="Runs Cucumber Scenarios" data-provider="scenarios" finished-at="2022-07-02T01:39:23 IST" duration-ms="6121" status="PASS">
          <params>
            <param index="0">
              <value>
                <![CDATA["DirectoryTabNavigationFromDashboardTab"]]>
              </value>
            </param>
            <param index="1">
              <value>
                <![CDATA["Dashboard page"]]>
              </value>
            </param>
          </params>
          <reporter-output>
          </reporter-output>
        </test-method> <!-- runScenario -->
        <test-method signature="runScenario(io.cucumber.testng.PickleWrapper,io.cucumber.testng.FeatureWrapper)[pri:0, instance:com.sadakar.testng.runner.CucumberRunner@2892d68]" started-at="2022-07-02T01:39:23 IST" name="runScenario" description="Runs Cucumber Scenarios" data-provider="scenarios" finished-at="2022-07-02T01:39:27 IST" duration-ms="3592" status="PASS">
          <params>
            <param index="0">
              <value>
                <![CDATA["DirectoryTabIsSearchButtonDisplayed"]]>
              </value>
            </param>
            <param index="1">
              <value>
                <![CDATA["Dashboard page"]]>
              </value>
            </param>
          </params>
          <reporter-output>
          </reporter-output>
        </test-method> <!-- runScenario -->
        <test-method signature="runScenario(io.cucumber.testng.PickleWrapper,io.cucumber.testng.FeatureWrapper)[pri:0, instance:com.sadakar.testng.runner.CucumberRunner@2892d68]" started-at="2022-07-02T01:39:27 IST" name="runScenario" description="Runs Cucumber Scenarios" data-provider="scenarios" finished-at="2022-07-02T01:39:39 IST" duration-ms="12334" status="PASS">
          <params>
            <param index="0">
              <value>
                <![CDATA["LoginValidCredentials"]]>
              </value>
            </param>
            <param index="1">
              <value>
                <![CDATA["Login to HRM Application"]]>
              </value>
            </param>
          </params>
          <reporter-output>
          </reporter-output>
        </test-method> <!-- runScenario -->
        <test-method is-config="true" signature="tearDownClass()[pri:0, instance:com.sadakar.testng.runner.CucumberRunner@2892d68]" started-at="2022-07-02T01:39:39 IST" name="tearDownClass" finished-at="2022-07-02T01:39:41 IST" duration-ms="1888" status="PASS">
          <reporter-output>
          </reporter-output>
        </test-method> <!-- tearDownClass -->
      </class> <!-- com.sadakar.testng.runner.CucumberRunner -->
    </test> <!-- Default test -->
  </suite> <!-- Default suite -->
</testng-results>
